2026-05-19 13:01:39 [INFO] root [logger.py:17]: Logging system initialized successfully
2026-05-19 13:01:56 [INFO] root [logger.py:17]: Logging system initialized successfully
2026-05-19 13:02:02 [INFO] root [logger.py:17]: Logging system initialized successfully
2026-05-19 13:16:44 [INFO] root [logger.py:17]: Logging system initialized successfully
2026-05-19 13:17:17 [INFO] root [logger.py:17]: Logging system initialized successfully
2026-05-19 13:19:53 [INFO] root [logger.py:17]: Logging system initialized successfully
2026-05-19 13:21:19 [INFO] root [logger.py:17]: Logging system initialized successfully
2026-05-19 13:24:50 [INFO] root [logger.py:17]: Logging system initialized successfully
2026-05-19 13:24:51 [INFO] root [logger.py:17]: Logging system initialized successfully
2026-05-19 13:24:51 [INFO] __main__ [main.py:87]: Starting FasTrack ERP application
2026-05-19 13:24:51 [INFO] __main__ [main.py:66]: All required dependencies are installed
2026-05-19 13:24:51 [INFO] __main__ [main.py:100]: Application directories created/verified
2026-05-19 13:24:51 [INFO] __main__ [main.py:105]: AI service initialized successfully
2026-05-19 13:25:05 [INFO] __main__ [main.py:113]: Database initialized successfully
2026-05-19 13:25:06 [INFO] __main__ [main.py:126]: Main window created successfully
2026-05-19 13:30:52 [INFO] __main__ [main.py:128]: Application closed normally
2026-05-19 13:34:48 [INFO] root [logger.py:17]: Logging system initialized successfully
2026-05-19 13:35:26 [INFO] root [logger.py:17]: Logging system initialized successfully
2026-05-19 13:35:37 [INFO] root [logger.py:17]: Logging system initialized successfully
2026-05-19 13:36:13 [INFO] root [logger.py:17]: Logging system initialized successfully
2026-05-19 13:36:13 [INFO] root [logger.py:17]: Logging system initialized successfully
2026-05-19 13:36:13 [INFO] __main__ [main.py:87]: Starting FasTrack ERP application
2026-05-19 13:36:13 [INFO] __main__ [main.py:66]: All required dependencies are installed
2026-05-19 13:36:13 [INFO] __main__ [main.py:100]: Application directories created/verified
2026-05-19 13:36:13 [INFO] __main__ [main.py:105]: AI service initialized successfully
2026-05-19 13:36:28 [INFO] __main__ [main.py:113]: Database initialized successfully
2026-05-19 13:36:28 [INFO] __main__ [main.py:126]: Main window created successfully
2026-05-19 13:37:40 [INFO] __main__ [main.py:128]: Application closed normally
2026-05-19 13:40:37 [INFO] root [logger.py:17]: Logging system initialized successfully
2026-05-19 14:32:05 [INFO] root [logger.py:17]: Logging system initialized successfully
2026-05-19 14:33:24 [INFO] root [logger.py:17]: Logging system initialized successfully
2026-05-19 14:34:05 [INFO] root [logger.py:17]: Logging system initialized successfully
2026-05-19 14:34:35 [INFO] root [logger.py:17]: Logging system initialized successfully
2026-05-19 14:36:14 [INFO] root [logger.py:17]: Logging system initialized successfully
2026-05-19 14:37:21 [INFO] root [logger.py:17]: Logging system initialized successfully
2026-05-19 14:37:21 [INFO] root [logger.py:17]: Logging system initialized successfully
2026-05-19 14:37:21 [INFO] __main__ [main.py:87]: Starting FasTrack ERP application
2026-05-19 14:37:21 [INFO] __main__ [main.py:66]: All required dependencies are installed
2026-05-19 14:37:21 [INFO] __main__ [main.py:100]: Application directories created/verified
2026-05-19 14:37:21 [INFO] __main__ [main.py:105]: AI service initialized successfully
2026-05-19 14:37:36 [INFO] __main__ [main.py:113]: Database initialized successfully
2026-05-19 14:37:36 [INFO] __main__ [main.py:126]: Main window created successfully
2026-05-19 14:38:53 [INFO] __main__ [main.py:128]: Application closed normally
2026-05-19 14:48:52 [INFO] root [logger.py:17]: Logging system initialized successfully
2026-05-19 14:50:13 [INFO] root [logger.py:17]: Logging system initialized successfully
2026-05-19 14:50:27 [INFO] modules.accounting [accounting.py:64]: Added expense with ID: 1
2026-05-19 14:51:05 [INFO] root [logger.py:17]: Logging system initialized successfully
2026-05-19 14:52:22 [INFO] root [logger.py:17]: Logging system initialized successfully
2026-05-19 14:52:22 [INFO] root [logger.py:17]: Logging system initialized successfully
2026-05-19 14:52:22 [INFO] __main__ [main.py:87]: Starting FasTrack ERP application
2026-05-19 14:52:23 [INFO] __main__ [main.py:66]: All required dependencies are installed
2026-05-19 14:52:23 [INFO] __main__ [main.py:100]: Application directories created/verified
2026-05-19 14:52:23 [INFO] __main__ [main.py:105]: AI service initialized successfully
2026-05-19 14:52:36 [INFO] __main__ [main.py:113]: Database initialized successfully
2026-05-19 14:52:36 [INFO] __main__ [main.py:126]: Main window created successfully
2026-05-19 14:52:58 [INFO] matplotlib.category [category.py:224]: Using categorical units to plot a list of strings that are all parsable as floats or dates. If these strings should be plotted as numbers, cast to the appropriate data type before plotting.
2026-05-19 14:52:58 [INFO] matplotlib.category [category.py:224]: Using categorical units to plot a list of strings that are all parsable as floats or dates. If these strings should be plotted as numbers, cast to the appropriate data type before plotting.
2026-05-19 14:58:27 [INFO] __main__ [main.py:128]: Application closed normally
2026-05-19 15:01:14 [INFO] root [logger.py:17]: Logging system initialized successfully
2026-05-19 15:01:39 [INFO] root [logger.py:17]: Logging system initialized successfully
2026-05-19 15:03:06 [INFO] root [logger.py:17]: Logging system initialized successfully
2026-05-19 15:03:29 [INFO] root [logger.py:17]: Logging system initialized successfully
2026-05-19 15:04:33 [INFO] root [logger.py:17]: Logging system initialized successfully
2026-05-19 15:04:34 [INFO] root [logger.py:17]: Logging system initialized successfully
2026-05-19 15:04:34 [INFO] __main__ [main.py:87]: Starting FasTrack ERP application
2026-05-19 15:04:34 [INFO] __main__ [main.py:66]: All required dependencies are installed
2026-05-19 15:04:34 [INFO] __main__ [main.py:100]: Application directories created/verified
2026-05-19 15:04:34 [INFO] __main__ [main.py:105]: AI service initialized successfully
2026-05-19 15:04:48 [INFO] __main__ [main.py:113]: Database initialized successfully
2026-05-19 15:04:48 [INFO] __main__ [main.py:126]: Main window created successfully
2026-05-19 15:05:37 [INFO] __main__ [main.py:128]: Application closed normally
2026-05-19 16:11:02 [INFO] root [logger.py:17]: Logging system initialized successfully
2026-05-19 16:11:03 [INFO] root [logger.py:17]: Logging system initialized successfully
2026-05-19 16:11:03 [INFO] __main__ [main.py:87]: Starting FasTrack ERP application
2026-05-19 16:11:03 [INFO] __main__ [main.py:66]: All required dependencies are installed
2026-05-19 16:11:03 [INFO] __main__ [main.py:100]: Application directories created/verified
2026-05-19 16:11:03 [INFO] __main__ [main.py:105]: AI service initialized successfully
2026-05-19 16:11:18 [INFO] __main__ [main.py:113]: Database initialized successfully
2026-05-19 16:11:18 [INFO] __main__ [main.py:126]: Main window created successfully
2026-05-19 16:12:25 [INFO] __main__ [main.py:128]: Application closed normally
2026-05-19 18:38:47 [INFO] root [logger.py:17]: Logging system initialized successfully
2026-05-19 18:38:48 [INFO] root [logger.py:17]: Logging system initialized successfully
2026-05-19 18:38:48 [INFO] __main__ [main.py:87]: Starting FasTrack ERP application
2026-05-19 18:38:48 [INFO] __main__ [main.py:66]: All required dependencies are installed
2026-05-19 18:38:48 [INFO] __main__ [main.py:100]: Application directories created/verified
2026-05-19 18:38:48 [INFO] __main__ [main.py:105]: AI service initialized successfully
2026-05-19 18:39:02 [INFO] __main__ [main.py:113]: Database initialized successfully
2026-05-19 18:39:02 [INFO] __main__ [main.py:126]: Main window created successfully
2026-05-19 18:45:49 [INFO] __main__ [main.py:128]: Application closed normally
2026-05-19 18:51:37 [INFO] root [logger.py:17]: Logging system initialized successfully
2026-05-19 18:51:37 [INFO] root [logger.py:17]: Logging system initialized successfully
2026-05-19 18:51:37 [INFO] __main__ [main.py:87]: Starting FasTrack ERP application
2026-05-19 18:51:38 [INFO] __main__ [main.py:66]: All required dependencies are installed
2026-05-19 18:51:38 [INFO] __main__ [main.py:100]: Application directories created/verified
2026-05-19 18:51:38 [INFO] __main__ [main.py:105]: AI service initialized successfully
2026-05-19 18:51:52 [INFO] __main__ [main.py:113]: Database initialized successfully
2026-05-19 18:51:52 [INFO] __main__ [main.py:126]: Main window created successfully
2026-05-19 18:53:09 [INFO] __main__ [main.py:128]: Application closed normally
2026-05-19 18:56:47 [INFO] root [logger.py:17]: Logging system initialized successfully
2026-05-19 19:00:27 [INFO] root [logger.py:17]: Logging system initialized successfully
2026-05-19 19:00:44 [INFO] root [logger.py:17]: Logging system initialized successfully
2026-05-19 19:01:13 [INFO] root [logger.py:17]: Logging system initialized successfully
2026-05-19 19:02:20 [INFO] root [logger.py:17]: Logging system initialized successfully
2026-05-19 19:02:36 [INFO] modules.accounting [accounting.py:64]: Added expense with ID: 1
2026-05-19 19:10:35 [INFO] root [logger.py:17]: Logging system initialized successfully
2026-05-19 19:11:17 [INFO] root [logger.py:17]: Logging system initialized successfully
2026-05-19 19:11:17 [INFO] root [logger.py:17]: Logging system initialized successfully
2026-05-19 19:11:17 [INFO] __main__ [main.py:87]: Starting FasTrack ERP application
2026-05-19 19:11:17 [INFO] __main__ [main.py:66]: All required dependencies are installed
2026-05-19 19:11:17 [INFO] __main__ [main.py:100]: Application directories created/verified
2026-05-19 19:11:17 [INFO] __main__ [main.py:105]: AI service initialized successfully
2026-05-19 19:11:31 [INFO] __main__ [main.py:113]: Database initialized successfully
2026-05-19 19:11:31 [INFO] __main__ [main.py:126]: Main window created successfully
2026-05-19 19:20:53 [INFO] __main__ [main.py:128]: Application closed normally
2026-05-19 19:21:16 [INFO] root [logger.py:17]: Logging system initialized successfully
2026-05-19 19:22:14 [INFO] root [logger.py:17]: Logging system initialized successfully
2026-05-19 19:22:46 [INFO] root [logger.py:17]: Logging system initialized successfully
2026-05-19 19:22:46 [INFO] root [logger.py:17]: Logging system initialized successfully
2026-05-19 19:22:46 [INFO] __main__ [main.py:87]: Starting FasTrack ERP application
2026-05-19 19:22:46 [INFO] __main__ [main.py:66]: All required dependencies are installed
2026-05-19 19:22:46 [INFO] __main__ [main.py:100]: Application directories created/verified
2026-05-19 19:22:46 [INFO] __main__ [main.py:105]: AI service initialized successfully
2026-05-19 19:23:01 [INFO] __main__ [main.py:113]: Database initialized successfully
2026-05-19 19:23:01 [INFO] __main__ [main.py:126]: Main window created successfully
2026-05-19 19:34:14 [INFO] __main__ [main.py:128]: Application closed normally
2026-05-19 20:05:20 [INFO] root [logger.py:17]: Logging system initialized successfully
2026-05-19 20:06:18 [INFO] root [logger.py:17]: Logging system initialized successfully
2026-05-19 20:06:18 [INFO] root [logger.py:17]: Logging system initialized successfully
2026-05-19 20:06:18 [INFO] __main__ [main.py:87]: Starting FasTrack ERP application
2026-05-19 20:06:19 [INFO] __main__ [main.py:66]: All required dependencies are installed
2026-05-19 20:06:19 [INFO] __main__ [main.py:100]: Application directories created/verified
2026-05-19 20:06:19 [INFO] __main__ [main.py:105]: AI service initialized successfully
2026-05-19 20:06:35 [INFO] __main__ [main.py:113]: Database initialized successfully
2026-05-19 20:06:36 [INFO] __main__ [main.py:126]: Main window created successfully
2026-05-19 20:07:08 [INFO] __main__ [main.py:128]: Application closed normally
2026-05-19 20:16:51 [INFO] root [logger.py:17]: Logging system initialized successfully
2026-05-19 20:18:14 [INFO] root [logger.py:17]: Logging system initialized successfully
2026-05-19 20:20:42 [INFO] root [logger.py:17]: Logging system initialized successfully
2026-05-19 20:21:39 [INFO] root [logger.py:17]: Logging system initialized successfully
2026-05-19 20:22:30 [INFO] root [logger.py:17]: Logging system initialized successfully
2026-05-19 20:24:57 [INFO] root [logger.py:17]: Logging system initialized successfully
2026-05-19 20:26:42 [INFO] root [logger.py:17]: Logging system initialized successfully
2026-05-19 20:27:37 [INFO] root [logger.py:17]: Logging system initialized successfully
2026-05-19 20:29:42 [INFO] root [logger.py:17]: Logging system initialized successfully
2026-05-19 20:30:23 [INFO] root [logger.py:17]: Logging system initialized successfully
2026-05-19 20:31:21 [INFO] root [logger.py:17]: Logging system initialized successfully
2026-05-19 20:36:40 [INFO] root [logger.py:17]: Logging system initialized successfully
2026-05-19 20:36:43 [INFO] root [logger.py:17]: Logging system initialized successfully
2026-05-19 20:37:49 [INFO] root [logger.py:17]: Logging system initialized successfully
2026-05-19 20:37:53 [INFO] root [logger.py:17]: Logging system initialized successfully
2026-05-19 20:38:47 [INFO] root [logger.py:17]: Logging system initialized successfully
2026-05-19 20:38:49 [INFO] root [logger.py:17]: Logging system initialized successfully
2026-05-20 06:19:30 [INFO] root [logger.py:17]: Logging system initialized successfully
2026-05-20 06:20:19 [INFO] root [logger.py:17]: Logging system initialized successfully
2026-05-20 06:20:57 [INFO] root [logger.py:17]: Logging system initialized successfully
2026-05-20 06:21:41 [INFO] root [logger.py:17]: Logging system initialized successfully
2026-05-20 06:23:11 [INFO] root [logger.py:17]: Logging system initialized successfully
2026-05-20 06:23:54 [INFO] root [logger.py:17]: Logging system initialized successfully
2026-05-20 06:25:39 [INFO] root [logger.py:17]: Logging system initialized successfully
2026-05-20 06:27:14 [INFO] root [logger.py:17]: Logging system initialized successfully
2026-05-20 06:51:23 [INFO] root [logger.py:17]: Logging system initialized successfully
2026-05-20 06:51:23 [INFO] root [logger.py:17]: Logging system initialized successfully
2026-05-20 06:51:23 [INFO] __main__ [main.py:102]: Starting FasTrack ERP application
2026-05-20 06:51:24 [INFO] __main__ [main.py:66]: All required dependencies are installed
2026-05-20 06:51:24 [INFO] __main__ [main.py:115]: Application directories created/verified
2026-05-20 06:51:24 [INFO] __main__ [main.py:90]: AI service initialized successfully
2026-05-20 06:51:24 [INFO] __main__ [main.py:121]: Database initialized successfully
2026-05-20 06:51:24 [INFO] __main__ [main.py:134]: Main window created successfully
2026-05-20 06:53:19 [INFO] matplotlib.category [category.py:224]: Using categorical units to plot a list of strings that are all parsable as floats or dates. If these strings should be plotted as numbers, cast to the appropriate data type before plotting.
2026-05-20 06:53:19 [INFO] matplotlib.category [category.py:224]: Using categorical units to plot a list of strings that are all parsable as floats or dates. If these strings should be plotted as numbers, cast to the appropriate data type before plotting.
2026-05-20 06:54:55 [INFO] __main__ [main.py:136]: Application closed normally
2026-05-20 07:06:16 [INFO] root [logger.py:17]: Logging system initialized successfully
2026-05-20 07:06:17 [INFO] root [logger.py:17]: Logging system initialized successfully
2026-05-20 07:06:17 [INFO] __main__ [main.py:102]: Starting FasTrack ERP application
2026-05-20 07:06:17 [INFO] __main__ [main.py:66]: All required dependencies are installed
2026-05-20 07:06:17 [INFO] __main__ [main.py:115]: Application directories created/verified
2026-05-20 07:06:17 [INFO] __main__ [main.py:90]: AI service initialized successfully
2026-05-20 07:06:17 [INFO] __main__ [main.py:121]: Database initialized successfully
2026-05-20 07:06:17 [INFO] __main__ [main.py:134]: Main window created successfully
2026-05-20 07:15:49 [INFO] __main__ [main.py:136]: Application closed normally
2026-05-20 07:22:02 [INFO] root [logger.py:17]: Logging system initialized successfully
2026-05-20 07:22:03 [INFO] root [logger.py:17]: Logging system initialized successfully
2026-05-20 07:22:03 [INFO] __main__ [main.py:102]: Starting FasTrack ERP application
2026-05-20 07:22:03 [INFO] __main__ [main.py:66]: All required dependencies are installed
2026-05-20 07:22:03 [INFO] __main__ [main.py:115]: Application directories created/verified
2026-05-20 07:22:03 [INFO] __main__ [main.py:90]: AI service initialized successfully
2026-05-20 07:22:03 [INFO] __main__ [main.py:121]: Database initialized successfully
2026-05-20 07:22:03 [INFO] __main__ [main.py:134]: Main window created successfully
2026-05-20 07:31:44 [INFO] root [logger.py:17]: Logging system initialized successfully
2026-05-20 07:31:45 [INFO] root [logger.py:17]: Logging system initialized successfully
2026-05-20 07:31:45 [INFO] __main__ [main.py:102]: Starting FasTrack ERP application
2026-05-20 07:31:45 [INFO] __main__ [main.py:66]: All required dependencies are installed
2026-05-20 07:31:45 [INFO] __main__ [main.py:115]: Application directories created/verified
2026-05-20 07:31:45 [INFO] __main__ [main.py:90]: AI service initialized successfully
2026-05-20 07:31:45 [INFO] __main__ [main.py:121]: Database initialized successfully
2026-05-20 07:31:45 [INFO] __main__ [main.py:134]: Main window created successfully
2026-05-20 07:32:01 [INFO] __main__ [main.py:136]: Application closed normally
2026-05-20 11:27:11 [INFO] root [logger.py:17]: Logging system initialized successfully
2026-05-20 11:27:36 [INFO] root [logger.py:17]: Logging system initialized successfully
2026-05-20 11:28:58 [INFO] root [logger.py:17]: Logging system initialized successfully
2026-05-20 11:32:48 [INFO] root [logger.py:17]: Logging system initialized successfully
2026-05-20 11:32:49 [INFO] root [logger.py:17]: Logging system initialized successfully
2026-05-20 11:33:19 [INFO] root [logger.py:17]: Logging system initialized successfully
2026-05-20 11:33:51 [INFO] root [logger.py:17]: Logging system initialized successfully
2026-05-20 11:51:33 [INFO] root [logger.py:17]: Logging system initialized successfully
2026-05-20 11:51:34 [INFO] root [logger.py:17]: Logging system initialized successfully
2026-05-20 11:52:18 [INFO] root [logger.py:17]: Logging system initialized successfully
2026-05-20 11:54:56 [INFO] root [logger.py:17]: Logging system initialized successfully
2026-05-20 11:55:39 [INFO] root [logger.py:17]: Logging system initialized successfully
2026-05-20 11:57:13 [INFO] root [logger.py:17]: Logging system initialized successfully
2026-05-20 14:00:28 [INFO] root [logger.py:17]: Logging system initialized successfully
2026-05-20 14:00:28 [INFO] root [logger.py:17]: Logging system initialized successfully
2026-05-20 14:00:42 [INFO] root [logger.py:17]: Logging system initialized successfully
2026-05-20 14:00:42 [INFO] root [logger.py:17]: Logging system initialized successfully
2026-05-20 14:00:42 [INFO] __main__ [main.py:100]: Starting FasTrack ERP application
2026-05-20 14:00:42 [ERROR] __main__ [main.py:59]: Thiếu thư viện bắt buộc: pandas, openpyxl, docxtpl, matplotlib

Chạy lệnh:
pip install pandas openpyxl docxtpl matplotlib
2026-05-20 14:00:45 [ERROR] __main__ [main.py:108]: Application stopped due to missing dependencies
2026-05-20 14:10:10 [INFO] root [logger.py:17]: Logging system initialized successfully
2026-05-20 14:10:10 [INFO] root [logger.py:17]: Logging system initialized successfully
2026-05-20 14:10:10 [INFO] __main__ [main.py:100]: Starting FasTrack ERP application
2026-05-20 14:10:13 [INFO] __main__ [main.py:63]: All required dependencies are installed
2026-05-20 14:10:13 [INFO] root [logger.py:17]: Logging system initialized successfully
2026-05-20 14:11:56 [INFO] root [logger.py:17]: Logging system initialized successfully
2026-05-20 14:11:56 [INFO] root [logger.py:17]: Logging system initialized successfully
2026-05-20 14:11:56 [INFO] __main__ [main.py:100]: Starting FasTrack ERP application
2026-05-20 14:11:57 [INFO] __main__ [main.py:63]: All required dependencies are installed
2026-05-20 14:11:57 [INFO] root [logger.py:17]: Logging system initialized successfully
2026-05-20 14:11:59 [INFO] __main__ [main.py:119]: Application directories created/verified
2026-05-20 14:11:59 [INFO] __main__ [main.py:88]: AI service initialized successfully
2026-05-20 14:11:59 [INFO] __main__ [main.py:125]: Database initialized successfully
2026-05-20 14:11:59 [INFO] __main__ [main.py:138]: Main window created successfully
2026-05-20 14:12:52 [INFO] __main__ [main.py:140]: Application closed normally
2026-05-20 14:15:11 [INFO] root [logger.py:17]: Logging system initialized successfully
2026-05-20 14:15:11 [INFO] root [logger.py:17]: Logging system initialized successfully
2026-05-20 14:15:11 [INFO] __main__ [main.py:100]: Starting FasTrack ERP application
2026-05-20 14:15:11 [ERROR] __main__ [main.py:59]: Thiếu thư viện bắt buộc: pandas, openpyxl, docxtpl, matplotlib

Chạy lệnh:
pip install pandas openpyxl docxtpl matplotlib
2026-05-20 14:15:13 [ERROR] __main__ [main.py:108]: Application stopped due to missing dependencies
2026-05-20 14:15:15 [INFO] root [logger.py:17]: Logging system initialized successfully
2026-05-20 14:15:15 [INFO] root [logger.py:17]: Logging system initialized successfully
2026-05-20 14:15:15 [INFO] __main__ [main.py:100]: Starting FasTrack ERP application
2026-05-20 14:15:15 [ERROR] __main__ [main.py:59]: Thiếu thư viện bắt buộc: pandas, openpyxl, docxtpl, matplotlib

Chạy lệnh:
pip install pandas openpyxl docxtpl matplotlib
2026-05-20 14:16:40 [INFO] root [logger.py:17]: Logging system initialized successfully
2026-05-20 14:16:40 [INFO] root [logger.py:17]: Logging system initialized successfully
2026-05-20 14:16:40 [INFO] __main__ [main.py:100]: Starting FasTrack ERP application
2026-05-20 14:16:40 [INFO] __main__ [main.py:63]: All required dependencies are installed
2026-05-20 14:16:40 [INFO] root [logger.py:17]: Logging system initialized successfully
2026-05-20 14:16:41 [INFO] __main__ [main.py:119]: Application directories created/verified
2026-05-20 14:16:41 [INFO] __main__ [main.py:88]: AI service initialized successfully
2026-05-20 14:16:41 [INFO] __main__ [main.py:125]: Database initialized successfully
2026-05-20 14:16:41 [INFO] __main__ [main.py:138]: Main window created successfully
2026-05-20 14:17:09 [INFO] matplotlib.category [category.py:224]: Using categorical units to plot a list of strings that are all parsable as floats or dates. If these strings should be plotted as numbers, cast to the appropriate data type before plotting.
2026-05-20 14:17:09 [INFO] matplotlib.category [category.py:224]: Using categorical units to plot a list of strings that are all parsable as floats or dates. If these strings should be plotted as numbers, cast to the appropriate data type before plotting.
2026-05-20 14:18:58 [INFO] __main__ [main.py:140]: Application closed normally
2026-05-20 14:32:24 [INFO] root [logger.py:17]: Logging system initialized successfully
2026-05-20 14:32:24 [INFO] root [logger.py:17]: Logging system initialized successfully
2026-05-20 14:32:24 [INFO] __main__ [main.py:100]: Starting FasTrack ERP application
2026-05-20 14:32:25 [INFO] __main__ [main.py:63]: All required dependencies are installed
2026-05-20 14:32:25 [INFO] root [logger.py:17]: Logging system initialized successfully
2026-05-20 14:32:26 [INFO] __main__ [main.py:119]: Application directories created/verified
2026-05-20 14:32:26 [INFO] __main__ [main.py:88]: AI service initialized successfully
2026-05-20 14:32:26 [INFO] __main__ [main.py:125]: Database initialized successfully
2026-05-20 14:32:26 [INFO] __main__ [main.py:138]: Main window created successfully
2026-05-20 14:34:11 [INFO] __main__ [main.py:140]: Application closed normally
2026-05-20 14:42:17 [INFO] root [logger.py:17]: Logging system initialized successfully
2026-05-20 14:42:17 [INFO] root [logger.py:17]: Logging system initialized successfully
2026-05-20 14:42:17 [INFO] __main__ [main.py:100]: Starting FasTrack ERP application
2026-05-20 14:42:18 [INFO] __main__ [main.py:63]: All required dependencies are installed
2026-05-20 14:42:18 [INFO] root [logger.py:17]: Logging system initialized successfully
2026-05-20 14:42:19 [INFO] __main__ [main.py:119]: Application directories created/verified
2026-05-20 14:42:19 [INFO] __main__ [main.py:88]: AI service initialized successfully
2026-05-20 14:42:19 [INFO] __main__ [main.py:125]: Database initialized successfully
2026-05-20 14:42:19 [INFO] __main__ [main.py:138]: Main window created successfully
2026-05-20 14:46:11 [INFO] __main__ [main.py:140]: Application closed normally
2026-05-20 14:56:23 [INFO] root [logger.py:17]: Logging system initialized successfully
2026-05-20 14:56:23 [INFO] root [logger.py:17]: Logging system initialized successfully
2026-05-20 14:56:23 [INFO] __main__ [main.py:100]: Starting FasTrack ERP application
2026-05-20 14:56:25 [INFO] __main__ [main.py:63]: All required dependencies are installed
2026-05-20 14:56:25 [INFO] root [logger.py:17]: Logging system initialized successfully
2026-05-20 14:56:26 [INFO] __main__ [main.py:119]: Application directories created/verified
2026-05-20 14:56:26 [INFO] __main__ [main.py:88]: AI service initialized successfully
2026-05-20 14:56:26 [INFO] __main__ [main.py:125]: Database initialized successfully
2026-05-20 14:56:26 [INFO] __main__ [main.py:138]: Main window created successfully
2026-05-20 15:03:52 [INFO] __main__ [main.py:140]: Application closed normally
2026-05-20 15:14:25 [INFO] root [logger.py:17]: Logging system initialized successfully
2026-05-20 15:14:25 [INFO] root [logger.py:17]: Logging system initialized successfully
2026-05-20 15:14:25 [INFO] __main__ [main.py:100]: Starting FasTrack ERP application
2026-05-20 15:14:26 [INFO] __main__ [main.py:63]: All required dependencies are installed
2026-05-20 15:14:26 [INFO] root [logger.py:17]: Logging system initialized successfully
2026-05-20 15:14:27 [INFO] __main__ [main.py:119]: Application directories created/verified
2026-05-20 15:14:27 [INFO] __main__ [main.py:88]: AI service initialized successfully
2026-05-20 15:14:27 [INFO] __main__ [main.py:125]: Database initialized successfully
2026-05-20 15:14:27 [INFO] __main__ [main.py:138]: Main window created successfully
2026-05-20 15:15:55 [INFO] __main__ [main.py:140]: Application closed normally
2026-05-20 15:45:50 [INFO] root [logger.py:17]: Logging system initialized successfully
2026-05-20 15:45:50 [INFO] root [logger.py:17]: Logging system initialized successfully
2026-05-20 15:45:50 [INFO] __main__ [main.py:100]: Starting FasTrack ERP application
2026-05-20 15:45:51 [INFO] __main__ [main.py:63]: All required dependencies are installed
2026-05-20 15:45:51 [INFO] root [logger.py:17]: Logging system initialized successfully
2026-05-20 15:45:51 [INFO] __main__ [main.py:119]: Application directories created/verified
2026-05-20 15:45:51 [INFO] __main__ [main.py:88]: AI service initialized successfully
2026-05-20 15:45:51 [INFO] __main__ [main.py:125]: Database initialized successfully
2026-05-20 15:45:52 [INFO] __main__ [main.py:138]: Main window created successfully
2026-05-20 15:47:09 [INFO] __main__ [main.py:140]: Application closed normally
2026-05-20 15:57:05 [INFO] root [logger.py:17]: Logging system initialized successfully
2026-05-20 15:57:05 [INFO] root [logger.py:17]: Logging system initialized successfully
2026-05-20 15:57:05 [INFO] __main__ [main.py:100]: Starting FasTrack ERP application
2026-05-20 15:57:06 [INFO] __main__ [main.py:63]: All required dependencies are installed
2026-05-20 15:57:06 [INFO] root [logger.py:17]: Logging system initialized successfully
2026-05-20 15:57:07 [INFO] __main__ [main.py:119]: Application directories created/verified
2026-05-20 15:57:07 [INFO] __main__ [main.py:88]: AI service initialized successfully
2026-05-20 15:57:07 [INFO] __main__ [main.py:125]: Database initialized successfully
2026-05-20 15:57:07 [INFO] __main__ [main.py:138]: Main window created successfully
2026-05-20 16:22:22 [INFO] __main__ [main.py:140]: Application closed normally
2026-05-20 16:24:10 [INFO] root [logger.py:17]: Logging system initialized successfully
2026-05-20 16:24:10 [INFO] root [logger.py:17]: Logging system initialized successfully
2026-05-20 16:24:10 [INFO] __main__ [main.py:100]: Starting FasTrack ERP application
2026-05-20 16:24:13 [INFO] __main__ [main.py:63]: All required dependencies are installed
2026-05-20 16:24:13 [INFO] root [logger.py:17]: Logging system initialized successfully
2026-05-20 16:24:15 [INFO] __main__ [main.py:119]: Application directories created/verified
2026-05-20 16:24:15 [INFO] __main__ [main.py:88]: AI service initialized successfully
2026-05-20 16:24:15 [INFO] __main__ [main.py:125]: Database initialized successfully
2026-05-20 16:24:15 [INFO] __main__ [main.py:138]: Main window created successfully
2026-05-20 16:31:01 [INFO] __main__ [main.py:140]: Application closed normally
2026-05-20 16:32:40 [INFO] root [logger.py:17]: Logging system initialized successfully
2026-05-20 16:36:17 [INFO] root [logger.py:17]: Logging system initialized successfully
2026-05-20 16:36:17 [INFO] root [logger.py:17]: Logging system initialized successfully
2026-05-20 16:36:17 [INFO] __main__ [main.py:100]: Starting FasTrack ERP application
2026-05-20 16:36:17 [INFO] __main__ [main.py:63]: All required dependencies are installed
2026-05-20 16:36:17 [INFO] root [logger.py:17]: Logging system initialized successfully
2026-05-20 16:36:18 [INFO] __main__ [main.py:119]: Application directories created/verified
2026-05-20 16:36:18 [INFO] __main__ [main.py:88]: AI service initialized successfully
2026-05-20 16:36:18 [INFO] __main__ [main.py:125]: Database initialized successfully
2026-05-20 16:36:18 [INFO] __main__ [main.py:138]: Main window created successfully
2026-05-20 16:45:24 [INFO] matplotlib.category [category.py:224]: Using categorical units to plot a list of strings that are all parsable as floats or dates. If these strings should be plotted as numbers, cast to the appropriate data type before plotting.
2026-05-20 16:45:24 [INFO] matplotlib.category [category.py:224]: Using categorical units to plot a list of strings that are all parsable as floats or dates. If these strings should be plotted as numbers, cast to the appropriate data type before plotting.
2026-05-20 16:49:10 [INFO] __main__ [main.py:140]: Application closed normally
2026-05-20 16:53:10 [INFO] root [logger.py:17]: Logging system initialized successfully
2026-05-20 16:53:15 [INFO] root [logger.py:17]: Logging system initialized successfully
2026-05-20 16:53:21 [INFO] root [logger.py:17]: Logging system initialized successfully
2026-05-20 16:57:37 [INFO] root [logger.py:17]: Logging system initialized successfully
2026-05-20 16:57:52 [INFO] root [logger.py:17]: Logging system initialized successfully
2026-05-20 16:57:52 [INFO] root [logger.py:17]: Logging system initialized successfully
2026-05-20 16:59:27 [INFO] root [logger.py:17]: Logging system initialized successfully
2026-05-20 16:59:27 [INFO] root [logger.py:17]: Logging system initialized successfully
2026-05-20 16:59:27 [INFO] __main__ [main.py:100]: Starting FasTrack ERP application
2026-05-20 16:59:28 [INFO] __main__ [main.py:63]: All required dependencies are installed
2026-05-20 16:59:28 [INFO] root [logger.py:17]: Logging system initialized successfully
2026-05-20 16:59:28 [INFO] __main__ [main.py:119]: Application directories created/verified
2026-05-20 16:59:28 [INFO] __main__ [main.py:88]: AI service initialized successfully
2026-05-20 16:59:28 [INFO] __main__ [main.py:125]: Database initialized successfully
2026-05-20 16:59:29 [INFO] __main__ [main.py:138]: Main window created successfully
2026-05-20 17:06:30 [INFO] __main__ [main.py:140]: Application closed normally
2026-05-20 17:13:40 [INFO] root [logger.py:17]: Logging system initialized successfully
2026-05-20 17:13:40 [INFO] root [logger.py:17]: Logging system initialized successfully
2026-05-20 17:13:40 [INFO] __main__ [main.py:100]: Starting FasTrack ERP application
2026-05-20 17:13:41 [INFO] __main__ [main.py:63]: All required dependencies are installed
2026-05-20 17:13:41 [INFO] root [logger.py:17]: Logging system initialized successfully
2026-05-20 17:13:42 [INFO] __main__ [main.py:119]: Application directories created/verified
2026-05-20 17:13:42 [INFO] __main__ [main.py:88]: AI service initialized successfully
2026-05-20 17:13:42 [INFO] __main__ [main.py:125]: Database initialized successfully
2026-05-20 17:13:42 [INFO] __main__ [main.py:138]: Main window created successfully
2026-05-20 17:16:39 [INFO] matplotlib.category [category.py:224]: Using categorical units to plot a list of strings that are all parsable as floats or dates. If these strings should be plotted as numbers, cast to the appropriate data type before plotting.
2026-05-20 17:16:39 [INFO] matplotlib.category [category.py:224]: Using categorical units to plot a list of strings that are all parsable as floats or dates. If these strings should be plotted as numbers, cast to the appropriate data type before plotting.
2026-05-20 17:18:14 [INFO] __main__ [main.py:140]: Application closed normally
2026-05-20 18:22:26 [INFO] root [logger.py:17]: Logging system initialized successfully
2026-05-20 18:22:26 [INFO] root [logger.py:17]: Logging system initialized successfully
2026-05-20 18:22:26 [INFO] __main__ [main.py:100]: Starting FasTrack ERP application
2026-05-20 18:22:28 [INFO] __main__ [main.py:63]: All required dependencies are installed
2026-05-20 18:22:28 [INFO] root [logger.py:17]: Logging system initialized successfully
2026-05-20 18:22:29 [INFO] __main__ [main.py:119]: Application directories created/verified
2026-05-20 18:22:29 [INFO] __main__ [main.py:88]: AI service initialized successfully
2026-05-20 18:22:29 [INFO] __main__ [main.py:125]: Database initialized successfully
2026-05-20 18:22:29 [INFO] __main__ [main.py:138]: Main window created successfully
2026-05-20 18:22:37 [INFO] __main__ [main.py:140]: Application closed normally
2026-05-20 18:54:07 [INFO] root [logger.py:17]: Logging system initialized successfully
2026-05-20 18:54:07 [INFO] root [logger.py:17]: Logging system initialized successfully
2026-05-20 18:54:07 [INFO] __main__ [main.py:100]: Starting FasTrack ERP application
2026-05-20 18:54:07 [INFO] __main__ [main.py:63]: All required dependencies are installed
2026-05-20 18:54:07 [INFO] root [logger.py:17]: Logging system initialized successfully
2026-05-20 18:54:08 [INFO] __main__ [main.py:119]: Application directories created/verified
2026-05-20 18:54:08 [INFO] __main__ [main.py:88]: AI service initialized successfully
2026-05-20 18:54:08 [INFO] __main__ [main.py:125]: Database initialized successfully
2026-05-20 18:54:08 [INFO] __main__ [main.py:138]: Main window created successfully
2026-05-20 18:55:35 [INFO] __main__ [main.py:140]: Application closed normally
2026-05-20 19:37:55 [INFO] root [logger.py:17]: Logging system initialized successfully
2026-05-20 19:37:55 [INFO] root [logger.py:17]: Logging system initialized successfully
2026-05-20 19:37:55 [INFO] __main__ [main.py:100]: Starting FasTrack ERP application
2026-05-20 19:37:56 [INFO] __main__ [main.py:63]: All required dependencies are installed
2026-05-20 19:37:56 [INFO] root [logger.py:17]: Logging system initialized successfully
2026-05-20 19:37:57 [INFO] __main__ [main.py:119]: Application directories created/verified
2026-05-20 19:37:57 [INFO] __main__ [main.py:88]: AI service initialized successfully
2026-05-20 19:37:57 [INFO] __main__ [main.py:125]: Database initialized successfully
2026-05-20 19:37:57 [INFO] __main__ [main.py:138]: Main window created successfully
2026-05-20 19:42:03 [INFO] __main__ [main.py:140]: Application closed normally
2026-05-20 19:45:05 [INFO] root [logger.py:17]: Logging system initialized successfully
2026-05-20 19:45:05 [INFO] root [logger.py:17]: Logging system initialized successfully
2026-05-20 19:45:05 [INFO] __main__ [main.py:100]: Starting FasTrack ERP application
2026-05-20 19:45:05 [INFO] __main__ [main.py:63]: All required dependencies are installed
2026-05-20 19:45:05 [INFO] root [logger.py:17]: Logging system initialized successfully
2026-05-20 19:45:06 [INFO] __main__ [main.py:119]: Application directories created/verified
2026-05-20 19:45:06 [INFO] __main__ [main.py:88]: AI service initialized successfully
2026-05-20 19:45:06 [INFO] __main__ [main.py:125]: Database initialized successfully
2026-05-20 19:45:06 [INFO] __main__ [main.py:138]: Main window created successfully
2026-05-20 19:45:37 [INFO] __main__ [main.py:140]: Application closed normally
2026-05-20 20:06:36 [INFO] root [logger.py:17]: Logging system initialized successfully
2026-05-20 20:06:36 [INFO] root [logger.py:17]: Logging system initialized successfully
2026-05-20 20:06:36 [INFO] __main__ [main.py:100]: Starting FasTrack ERP application
2026-05-20 20:06:36 [INFO] __main__ [main.py:63]: All required dependencies are installed
2026-05-20 20:06:36 [INFO] root [logger.py:17]: Logging system initialized successfully
2026-05-20 20:06:37 [INFO] __main__ [main.py:119]: Application directories created/verified
2026-05-20 20:06:37 [INFO] __main__ [main.py:88]: AI service initialized successfully
2026-05-20 20:06:37 [INFO] __main__ [main.py:125]: Database initialized successfully
2026-05-20 20:06:37 [INFO] __main__ [main.py:138]: Main window created successfully
2026-05-20 20:08:57 [INFO] __main__ [main.py:140]: Application closed normally
2026-05-20 20:09:07 [INFO] root [logger.py:17]: Logging system initialized successfully
2026-05-20 20:09:07 [INFO] root [logger.py:17]: Logging system initialized successfully
2026-05-20 20:09:07 [INFO] __main__ [main.py:100]: Starting FasTrack ERP application
2026-05-20 20:09:08 [INFO] __main__ [main.py:63]: All required dependencies are installed
2026-05-20 20:09:08 [INFO] root [logger.py:17]: Logging system initialized successfully
2026-05-20 20:09:08 [INFO] __main__ [main.py:119]: Application directories created/verified
2026-05-20 20:09:08 [INFO] __main__ [main.py:88]: AI service initialized successfully
2026-05-20 20:09:08 [INFO] __main__ [main.py:125]: Database initialized successfully
2026-05-20 20:09:09 [INFO] __main__ [main.py:138]: Main window created successfully
2026-05-20 20:10:49 [INFO] __main__ [main.py:140]: Application closed normally
2026-05-20 20:11:17 [INFO] root [logger.py:17]: Logging system initialized successfully
2026-05-20 20:11:17 [INFO] root [logger.py:17]: Logging system initialized successfully
2026-05-20 20:11:17 [INFO] __main__ [main.py:100]: Starting FasTrack ERP application
2026-05-20 20:11:18 [INFO] __main__ [main.py:63]: All required dependencies are installed
2026-05-20 20:11:18 [INFO] root [logger.py:17]: Logging system initialized successfully
2026-05-20 20:11:18 [INFO] __main__ [main.py:119]: Application directories created/verified
2026-05-20 20:11:18 [INFO] __main__ [main.py:88]: AI service initialized successfully
2026-05-20 20:11:18 [INFO] __main__ [main.py:125]: Database initialized successfully
2026-05-20 20:11:19 [INFO] __main__ [main.py:138]: Main window created successfully
2026-05-20 20:11:56 [INFO] root [logger.py:17]: Logging system initialized successfully
2026-05-20 20:11:56 [INFO] root [logger.py:17]: Logging system initialized successfully
2026-05-20 20:11:56 [INFO] __main__ [main.py:100]: Starting FasTrack ERP application
2026-05-20 20:11:57 [INFO] __main__ [main.py:63]: All required dependencies are installed
2026-05-20 20:11:57 [INFO] root [logger.py:17]: Logging system initialized successfully
2026-05-20 20:11:58 [INFO] __main__ [main.py:119]: Application directories created/verified
2026-05-20 20:11:58 [INFO] __main__ [main.py:88]: AI service initialized successfully
2026-05-20 20:11:58 [INFO] __main__ [main.py:125]: Database initialized successfully
2026-05-20 20:11:58 [INFO] __main__ [main.py:138]: Main window created successfully
2026-05-20 20:12:45 [INFO] __main__ [main.py:140]: Application closed normally
2026-05-20 20:13:53 [INFO] __main__ [main.py:140]: Application closed normally
2026-05-20 20:18:42 [INFO] root [logger.py:17]: Logging system initialized successfully
2026-05-20 20:18:42 [INFO] root [logger.py:17]: Logging system initialized successfully
2026-05-20 20:18:42 [INFO] __main__ [main.py:100]: Starting FasTrack ERP application
2026-05-20 20:18:43 [INFO] __main__ [main.py:63]: All required dependencies are installed
2026-05-20 20:18:43 [INFO] root [logger.py:17]: Logging system initialized successfully
2026-05-20 20:18:43 [INFO] __main__ [main.py:119]: Application directories created/verified
2026-05-20 20:18:43 [INFO] __main__ [main.py:88]: AI service initialized successfully
2026-05-20 20:18:43 [INFO] __main__ [main.py:125]: Database initialized successfully
2026-05-20 20:18:44 [INFO] __main__ [main.py:138]: Main window created successfully
2026-05-20 20:20:35 [INFO] __main__ [main.py:140]: Application closed normally
2026-05-20 20:25:54 [INFO] root [logger.py:17]: Logging system initialized successfully
2026-05-20 20:25:54 [INFO] root [logger.py:17]: Logging system initialized successfully
2026-05-20 20:25:54 [INFO] __main__ [main.py:100]: Starting FasTrack ERP application
2026-05-20 20:25:55 [INFO] __main__ [main.py:63]: All required dependencies are installed
2026-05-20 20:25:55 [INFO] root [logger.py:17]: Logging system initialized successfully
2026-05-20 20:25:55 [INFO] __main__ [main.py:119]: Application directories created/verified
2026-05-20 20:25:55 [INFO] __main__ [main.py:88]: AI service initialized successfully
2026-05-20 20:25:55 [INFO] __main__ [main.py:125]: Database initialized successfully
2026-05-20 20:25:56 [INFO] __main__ [main.py:138]: Main window created successfully
2026-05-20 20:26:07 [INFO] __main__ [main.py:140]: Application closed normally
2026-05-20 20:26:28 [INFO] root [logger.py:17]: Logging system initialized successfully
2026-05-20 20:26:28 [INFO] root [logger.py:17]: Logging system initialized successfully
2026-05-20 20:26:28 [INFO] __main__ [main.py:100]: Starting FasTrack ERP application
2026-05-20 20:26:29 [INFO] __main__ [main.py:63]: All required dependencies are installed
2026-05-20 20:26:29 [INFO] root [logger.py:17]: Logging system initialized successfully
2026-05-20 20:26:29 [INFO] __main__ [main.py:119]: Application directories created/verified
2026-05-20 20:26:29 [INFO] __main__ [main.py:88]: AI service initialized successfully
2026-05-20 20:26:29 [INFO] __main__ [main.py:125]: Database initialized successfully
2026-05-20 20:26:29 [INFO] __main__ [main.py:138]: Main window created successfully
2026-05-20 20:26:57 [INFO] __main__ [main.py:140]: Application closed normally
2026-05-20 20:27:32 [INFO] root [logger.py:17]: Logging system initialized successfully
2026-05-20 20:27:32 [INFO] root [logger.py:17]: Logging system initialized successfully
2026-05-20 20:27:32 [INFO] __main__ [main.py:100]: Starting FasTrack ERP application
2026-05-20 20:27:33 [INFO] __main__ [main.py:63]: All required dependencies are installed
2026-05-20 20:27:33 [INFO] root [logger.py:17]: Logging system initialized successfully
2026-05-20 20:27:33 [INFO] __main__ [main.py:119]: Application directories created/verified
2026-05-20 20:27:33 [INFO] __main__ [main.py:88]: AI service initialized successfully
2026-05-20 20:27:33 [INFO] __main__ [main.py:125]: Database initialized successfully
2026-05-20 20:27:33 [INFO] __main__ [main.py:138]: Main window created successfully
2026-05-20 21:31:20 [INFO] __main__ [main.py:140]: Application closed normally
2026-05-21 07:18:51 [INFO] root [logger.py:17]: Logging system initialized successfully
2026-05-21 07:18:51 [INFO] root [logger.py:17]: Logging system initialized successfully
2026-05-21 07:18:51 [INFO] __main__ [main.py:100]: Starting FasTrack ERP application
2026-05-21 07:18:55 [INFO] __main__ [main.py:63]: All required dependencies are installed
2026-05-21 07:18:55 [INFO] root [logger.py:17]: Logging system initialized successfully
2026-05-21 07:18:57 [INFO] __main__ [main.py:119]: Application directories created/verified
2026-05-21 07:18:57 [INFO] __main__ [main.py:88]: AI service initialized successfully
2026-05-21 07:18:57 [INFO] __main__ [main.py:125]: Database initialized successfully
2026-05-21 07:18:58 [INFO] __main__ [main.py:138]: Main window created successfully
2026-05-21 07:19:01 [INFO] matplotlib.category [category.py:224]: Using categorical units to plot a list of strings that are all parsable as floats or dates. If these strings should be plotted as numbers, cast to the appropriate data type before plotting.
2026-05-21 07:19:01 [INFO] matplotlib.category [category.py:224]: Using categorical units to plot a list of strings that are all parsable as floats or dates. If these strings should be plotted as numbers, cast to the appropriate data type before plotting.
2026-05-21 07:25:45 [INFO] matplotlib.category [category.py:224]: Using categorical units to plot a list of strings that are all parsable as floats or dates. If these strings should be plotted as numbers, cast to the appropriate data type before plotting.
2026-05-21 07:25:45 [INFO] matplotlib.category [category.py:224]: Using categorical units to plot a list of strings that are all parsable as floats or dates. If these strings should be plotted as numbers, cast to the appropriate data type before plotting.
2026-05-21 07:25:47 [INFO] __main__ [main.py:140]: Application closed normally
2026-05-21 07:45:07 [INFO] root [logger.py:17]: Logging system initialized successfully
2026-05-21 07:45:07 [INFO] root [logger.py:17]: Logging system initialized successfully
2026-05-21 07:45:07 [INFO] __main__ [main.py:100]: Starting FasTrack ERP application
2026-05-21 07:45:08 [INFO] __main__ [main.py:63]: All required dependencies are installed
2026-05-21 07:45:08 [INFO] root [logger.py:17]: Logging system initialized successfully
2026-05-21 07:45:08 [INFO] __main__ [main.py:119]: Application directories created/verified
2026-05-21 07:45:08 [INFO] __main__ [main.py:88]: AI service initialized successfully
2026-05-21 07:45:08 [INFO] __main__ [main.py:125]: Database initialized successfully
2026-05-21 07:45:09 [INFO] __main__ [main.py:138]: Main window created successfully
2026-05-21 07:49:06 [INFO] __main__ [main.py:140]: Application closed normally
2026-05-21 09:27:20 [INFO] root [logger.py:17]: Logging system initialized successfully
2026-05-21 09:27:20 [INFO] root [logger.py:17]: Logging system initialized successfully
2026-05-21 09:27:20 [INFO] __main__ [main.py:100]: Starting FasTrack ERP application
2026-05-21 09:27:21 [INFO] __main__ [main.py:63]: All required dependencies are installed
2026-05-21 09:27:21 [INFO] root [logger.py:17]: Logging system initialized successfully
2026-05-21 09:27:22 [INFO] __main__ [main.py:119]: Application directories created/verified
2026-05-21 09:27:22 [INFO] __main__ [main.py:88]: AI service initialized successfully
2026-05-21 09:27:22 [INFO] __main__ [main.py:125]: Database initialized successfully
2026-05-21 09:27:22 [INFO] __main__ [main.py:138]: Main window created successfully
2026-05-21 09:28:11 [INFO] __main__ [main.py:140]: Application closed normally
2026-05-21 09:30:46 [INFO] root [logger.py:17]: Logging system initialized successfully
2026-05-21 09:32:12 [INFO] root [logger.py:17]: Logging system initialized successfully
2026-05-21 09:32:12 [INFO] root [logger.py:17]: Logging system initialized successfully
2026-05-21 09:32:12 [INFO] __main__ [main.py:100]: Starting FasTrack ERP application
2026-05-21 09:32:13 [INFO] __main__ [main.py:63]: All required dependencies are installed
2026-05-21 09:32:13 [INFO] root [logger.py:17]: Logging system initialized successfully
2026-05-21 09:32:13 [INFO] __main__ [main.py:119]: Application directories created/verified
2026-05-21 09:32:13 [INFO] __main__ [main.py:88]: AI service initialized successfully
2026-05-21 09:32:13 [INFO] __main__ [main.py:125]: Database initialized successfully
2026-05-21 09:32:13 [INFO] __main__ [main.py:138]: Main window created successfully
2026-05-21 09:32:40 [INFO] __main__ [main.py:140]: Application closed normally
2026-05-21 09:36:59 [INFO] root [logger.py:17]: Logging system initialized successfully
2026-05-21 09:38:11 [INFO] root [logger.py:17]: Logging system initialized successfully
2026-05-21 09:38:11 [INFO] root [logger.py:17]: Logging system initialized successfully
2026-05-21 09:38:11 [INFO] __main__ [main.py:100]: Starting FasTrack ERP application
2026-05-21 09:38:12 [INFO] __main__ [main.py:63]: All required dependencies are installed
2026-05-21 09:38:12 [INFO] root [logger.py:17]: Logging system initialized successfully
2026-05-21 09:38:12 [INFO] __main__ [main.py:119]: Application directories created/verified
2026-05-21 09:38:12 [INFO] __main__ [main.py:125]: Database initialized successfully
2026-05-21 09:38:12 [INFO] __main__ [main.py:138]: Main window created successfully
2026-05-21 09:38:12 [INFO] __main__ [main.py:88]: AI service initialized successfully
2026-05-21 09:44:37 [INFO] __main__ [main.py:140]: Application closed normally
2026-05-21 09:46:04 [INFO] root [logger.py:17]: Logging system initialized successfully
2026-05-21 09:46:27 [INFO] root [logger.py:17]: Logging system initialized successfully
2026-05-21 09:46:27 [INFO] root [logger.py:17]: Logging system initialized successfully
2026-05-21 09:46:27 [INFO] __main__ [main.py:100]: Starting FasTrack ERP application
2026-05-21 09:46:28 [INFO] __main__ [main.py:63]: All required dependencies are installed
2026-05-21 09:46:28 [INFO] root [logger.py:17]: Logging system initialized successfully
2026-05-21 09:46:28 [INFO] __main__ [main.py:119]: Application directories created/verified
2026-05-21 09:46:28 [INFO] __main__ [main.py:125]: Database initialized successfully
2026-05-21 09:46:28 [INFO] __main__ [main.py:138]: Main window created successfully
2026-05-21 09:46:29 [INFO] __main__ [main.py:88]: AI service initialized successfully
2026-05-21 09:47:35 [INFO] __main__ [main.py:140]: Application closed normally
2026-05-21 09:49:00 [INFO] root [logger.py:17]: Logging system initialized successfully
2026-05-21 09:49:00 [INFO] root [logger.py:17]: Logging system initialized successfully
2026-05-21 09:49:00 [INFO] __main__ [main.py:100]: Starting FasTrack ERP application
2026-05-21 09:49:01 [INFO] __main__ [main.py:63]: All required dependencies are installed
2026-05-21 09:49:01 [INFO] root [logger.py:17]: Logging system initialized successfully
2026-05-21 09:49:01 [INFO] __main__ [main.py:119]: Application directories created/verified
2026-05-21 09:49:01 [INFO] __main__ [main.py:125]: Database initialized successfully
2026-05-21 09:49:01 [INFO] __main__ [main.py:138]: Main window created successfully
2026-05-21 09:49:02 [INFO] __main__ [main.py:88]: AI service initialized successfully
2026-05-21 09:50:31 [INFO] __main__ [main.py:140]: Application closed normally
2026-05-21 09:53:00 [INFO] root [logger.py:17]: Logging system initialized successfully
2026-05-21 09:53:00 [INFO] root [logger.py:17]: Logging system initialized successfully
2026-05-21 09:53:00 [INFO] __main__ [main.py:100]: Starting FasTrack ERP application
2026-05-21 09:53:01 [INFO] __main__ [main.py:63]: All required dependencies are installed
2026-05-21 09:53:01 [INFO] root [logger.py:17]: Logging system initialized successfully
2026-05-21 09:53:01 [INFO] __main__ [main.py:119]: Application directories created/verified
2026-05-21 09:53:01 [INFO] __main__ [main.py:125]: Database initialized successfully
2026-05-21 09:53:01 [INFO] __main__ [main.py:138]: Main window created successfully
2026-05-21 09:53:01 [INFO] __main__ [main.py:88]: AI service initialized successfully
2026-05-21 09:53:46 [INFO] __main__ [main.py:140]: Application closed normally
2026-05-21 09:54:02 [INFO] root [logger.py:17]: Logging system initialized successfully
2026-05-21 09:55:34 [INFO] root [logger.py:17]: Logging system initialized successfully
2026-05-21 09:55:34 [INFO] root [logger.py:17]: Logging system initialized successfully
2026-05-21 09:55:34 [INFO] __main__ [main.py:100]: Starting FasTrack ERP application
2026-05-21 09:55:35 [INFO] __main__ [main.py:63]: All required dependencies are installed
2026-05-21 09:55:35 [INFO] root [logger.py:17]: Logging system initialized successfully
2026-05-21 09:55:35 [INFO] __main__ [main.py:119]: Application directories created/verified
2026-05-21 09:55:35 [INFO] __main__ [main.py:125]: Database initialized successfully
2026-05-21 09:55:36 [INFO] __main__ [main.py:138]: Main window created successfully
2026-05-21 09:55:36 [INFO] __main__ [main.py:88]: AI service initialized successfully
2026-05-21 10:27:52 [INFO] __main__ [main.py:140]: Application closed normally
2026-05-21 10:40:34 [INFO] root [logger.py:17]: Logging system initialized successfully
2026-05-21 10:40:34 [INFO] root [logger.py:17]: Logging system initialized successfully
2026-05-21 10:40:34 [INFO] __main__ [main.py:99]: Starting FasTrack ERP application
2026-05-21 10:40:35 [INFO] __main__ [main.py:62]: All required dependencies are installed
2026-05-21 10:40:35 [INFO] root [logger.py:17]: Logging system initialized successfully
2026-05-21 10:40:36 [INFO] __main__ [main.py:118]: Application directories created/verified
2026-05-21 10:40:36 [INFO] __main__ [main.py:123]: Database initialized successfully
2026-05-21 10:40:36 [INFO] __main__ [main.py:136]: Main window created successfully
